<?xml version="1.0" encoding="UTF-8"?>
<testsuite xmlns:xsi="http://www.w3.org/2001/XMLSchema-instance" xsi:noNamespaceSchemaLocation="https://maven.apache.org/surefire/maven-surefire-plugin/xsd/surefire-test-report.xsd" version="3.0.2" name="org.rapaio.jupyter.kernel.global.GlobalTest" time="1.84" tests="1" errors="0" skipped="0" failures="0">
  <properties>
[...]
</properties>
  <testcase name="testMarkdown" classname="org.rapaio.jupyter.kernel.global.GlobalTest" time="1.837">
    <system-err><![CDATA[Nov 30, 2025 10:09:18 PM org.rapaio.jupyter.kernel.channels.ControlChannel bind
INFO: [ControlChannel]: Binding to tcp://127.0.0.1:60001
Nov 30, 2025 10:09:18 PM org.rapaio.jupyter.kernel.channels.IOPubChannel bind
INFO: [IOPubChannel]: Binding iopub to tcp://127.0.0.1:60005
Nov 30, 2025 10:09:18 PM org.rapaio.jupyter.kernel.channels.HeartbeatChannel bind
INFO: [HeartbeatChannel]: Binding to tcp://127.0.0.1:60004
Nov 30, 2025 10:09:18 PM org.rapaio.jupyter.kernel.channels.HeartbeatChannel bind
INFO: [HeartbeatChannel]: Polling on Heartbeat-0
Nov 30, 2025 10:09:18 PM org.rapaio.jupyter.kernel.channels.StdinChannel bind
INFO: [StdinChannel]: Binding stdin to tcp://127.0.0.1:60003
Nov 30, 2025 10:09:18 PM org.rapaio.jupyter.kernel.channels.ShellChannel bind
INFO: [ShellChannel]: Binding to tcp://127.0.0.1:60002
]]></system-err>
  </testcase>
</testsuite>