<?xml version="1.0" encoding="UTF-8"?>
<testsuite xmlns:xsi="http://www.w3.org/2001/XMLSchema-instance" xsi:noNamespaceSchemaLocation="https://maven.apache.org/surefire/maven-surefire-plugin/xsd/surefire-test-report.xsd" version="3.0.2" name="org.rapaio.jupyter.kernel.core.magic.MagicParserTest" time="0.008" tests="7" errors="0" skipped="0" failures="0">
  <properties>
[...]
</properties>
  <testcase name="emptyTest" classname="org.rapaio.jupyter.kernel.core.magic.MagicParserTest" time="0.001"/>
  <testcase name="testMixedMagicAndOther" classname="org.rapaio.jupyter.kernel.core.magic.MagicParserTest" time="0.002"/>
  <testcase name="testLineAndCellMagics" classname="org.rapaio.jupyter.kernel.core.magic.MagicParserTest" time="0.0"/>
  <testcase name="testSingleCell" classname="org.rapaio.jupyter.kernel.core.magic.MagicParserTest" time="0.001"/>
  <testcase name="testSingleLine" classname="org.rapaio.jupyter.kernel.core.magic.MagicParserTest" time="0.001"/>
  <testcase name="testMultipleCells" classname="org.rapaio.jupyter.kernel.core.magic.MagicParserTest" time="0.001"/>
  <testcase name="testMultipleLine" classname="org.rapaio.jupyter.kernel.core.magic.MagicParserTest" time="0.001"/>
</testsuite>